<?xml version="1.0" encoding="UTF-8"?>
<testng-results skipped="0" failed="0" ignored="0" total="1" passed="1">
  <reporter-output>
  </reporter-output>
  <suite name="Default suite" duration-ms="10871" started-at="2018-01-16T01:26:30Z" finished-at="2018-01-16T01:26:41Z">
    <groups>
    </groups>
    <test name="Default test" duration-ms="10871" started-at="2018-01-16T01:26:30Z" finished-at="2018-01-16T01:26:41Z">
      <class name="main.SmokeTest">
        <test-method status="PASS" signature="beforeClass()[pri:0, instance:main.SmokeTest@4501b7af]" name="beforeClass" is-config="true" duration-ms="10134" started-at="2018-01-15T20:26:30Z" finished-at="2018-01-15T20:26:40Z">
          <reporter-output>
          </reporter-output>
        </test-method> <!-- beforeClass -->
        <test-method status="PASS" signature="test()[pri:0, instance:main.SmokeTest@4501b7af]" name="test" duration-ms="708" started-at="2018-01-15T20:26:40Z" finished-at="2018-01-15T20:26:41Z">
          <reporter-output>
          </reporter-output>
        </test-method> <!-- test -->
        <test-method status="PASS" signature="afterClass()[pri:0, instance:main.SmokeTest@4501b7af]" name="afterClass" is-config="true" duration-ms="0" started-at="2018-01-15T20:26:41Z" finished-at="2018-01-15T20:26:41Z">
          <reporter-output>
          </reporter-output>
        </test-method> <!-- afterClass -->
      </class> <!-- main.SmokeTest -->
    </test> <!-- Default test -->
  </suite> <!-- Default suite -->
</testng-results>
